<?xml version="1.0" encoding="UTF-8"?>
<!-- Generated by org.testng.reporters.JUnitReportReporter -->
<testsuite hostname="DESKTOP-FIUAS18" failures="0" tests="1" name="com.sauceDemo.TestClasses.TC05_VerifyFilterFunctionality" time="3.634" errors="0" timestamp="2022-10-09T10:12:10 IST" skipped="0">
  <testcase classname="com.sauceDemo.TestClasses.TC05_VerifyFilterFunctionality" name="verifyFilterDropDown" time="3.634"/>
  <system-out/>
</testsuite> <!-- com.sauceDemo.TestClasses.TC05_VerifyFilterFunctionality -->
