<?xml version="1.0" encoding="UTF-8"?>
<!-- Generated by org.testng.reporters.JUnitReportReporter -->
<testsuite hostname="DESKTOP-FIUAS18" failures="0" tests="1" name="com.sauceDemo.TestClasses.TC01_VerifyLoginFuctionality" time="5.350" errors="0" timestamp="2022-10-09T10:12:10 IST" skipped="0">
  <testcase classname="com.sauceDemo.TestClasses.TC01_VerifyLoginFuctionality" name="VerifyLoginFunctinality" time="5.350"/>
  <system-out/>
</testsuite> <!-- com.sauceDemo.TestClasses.TC01_VerifyLoginFuctionality -->
